..\..\..\Bin\Game.pdb
C:\USERS\熊豪\DESKTOP\7 游戏主程序\BIN\GAME.EXE
C:\Users\熊豪\Desktop\7 游戏主程序\SourceCode\VCProject2010\VCProject2010\..\..\..\Bin\Game.exe
C:\USERS\熊豪\DESKTOP\7 游戏主程序\SOURCECODE\VCPROJECT2010\VCPROJECT2010\DEBUG\ADVENTUREMAP.OBJ
C:\USERS\熊豪\DESKTOP\7 游戏主程序\SOURCECODE\VCPROJECT2010\VCPROJECT2010\DEBUG\BEDROOM.OBJ
C:\USERS\熊豪\DESKTOP\7 游戏主程序\SOURCECODE\VCPROJECT2010\VCPROJECT2010\DEBUG\BULLET.OBJ
C:\Users\熊豪\Desktop\7 游戏主程序\SourceCode\VCProject2010\VCProject2010\Debug\cl.command.1.tlog
C:\Users\熊豪\Desktop\7 游戏主程序\SourceCode\VCProject2010\VCProject2010\Debug\CL.read.1.tlog
C:\Users\熊豪\Desktop\7 游戏主程序\SourceCode\VCProject2010\VCProject2010\Debug\CL.write.1.tlog
C:\USERS\熊豪\DESKTOP\7 游戏主程序\SOURCECODE\VCPROJECT2010\VCPROJECT2010\DEBUG\GAME.PDB
C:\USERS\熊豪\DESKTOP\7 游戏主程序\SOURCECODE\VCPROJECT2010\VCPROJECT2010\DEBUG\HOME.OBJ
C:\USERS\熊豪\DESKTOP\7 游戏主程序\SOURCECODE\VCPROJECT2010\VCPROJECT2010\DEBUG\KITCHEN.OBJ
C:\USERS\熊豪\DESKTOP\7 游戏主程序\SOURCECODE\VCPROJECT2010\VCPROJECT2010\DEBUG\LESSONE.OBJ
C:\USERS\熊豪\DESKTOP\7 游戏主程序\SOURCECODE\VCPROJECT2010\VCPROJECT2010\DEBUG\LESSONS.OBJ
C:\USERS\熊豪\DESKTOP\7 游戏主程序\SOURCECODE\VCPROJECT2010\VCPROJECT2010\DEBUG\LESSONX.OBJ
C:\USERS\熊豪\DESKTOP\7 游戏主程序\SOURCECODE\VCPROJECT2010\VCPROJECT2010\DEBUG\LESSONY.OBJ
C:\USERS\熊豪\DESKTOP\7 游戏主程序\SOURCECODE\VCPROJECT2010\VCPROJECT2010\DEBUG\LESSONZ.OBJ
C:\Users\熊豪\Desktop\7 游戏主程序\SourceCode\VCProject2010\VCProject2010\Debug\link.command.1.tlog
C:\Users\熊豪\Desktop\7 游戏主程序\SourceCode\VCProject2010\VCProject2010\Debug\link.read.1.tlog
C:\Users\熊豪\Desktop\7 游戏主程序\SourceCode\VCProject2010\VCProject2010\Debug\link.write.1.tlog
C:\Users\熊豪\Desktop\7 游戏主程序\SourceCode\VCProject2010\VCProject2010\Debug\link-cvtres.read.1.tlog
C:\Users\熊豪\Desktop\7 游戏主程序\SourceCode\VCProject2010\VCProject2010\Debug\link-cvtres.write.1.tlog
C:\USERS\熊豪\DESKTOP\7 游戏主程序\SOURCECODE\VCPROJECT2010\VCPROJECT2010\DEBUG\MAIN.OBJ
C:\USERS\熊豪\DESKTOP\7 游戏主程序\SOURCECODE\VCPROJECT2010\VCPROJECT2010\DEBUG\PLAYER.OBJ
C:\USERS\熊豪\DESKTOP\7 游戏主程序\SOURCECODE\VCPROJECT2010\VCPROJECT2010\DEBUG\PLAYERSPRITEA.OBJ
C:\USERS\熊豪\DESKTOP\7 游戏主程序\SOURCECODE\VCPROJECT2010\VCPROJECT2010\DEBUG\PLAYERSPRITEB.OBJ
C:\USERS\熊豪\DESKTOP\7 游戏主程序\SOURCECODE\VCPROJECT2010\VCPROJECT2010\DEBUG\PORTAL.OBJ
C:\Users\熊豪\Desktop\7 游戏主程序\SourceCode\VCProject2010\VCProject2010\Debug\rc.command.1.tlog
C:\Users\熊豪\Desktop\7 游戏主程序\SourceCode\VCProject2010\VCProject2010\Debug\rc.read.1.tlog
C:\Users\熊豪\Desktop\7 游戏主程序\SourceCode\VCProject2010\VCProject2010\Debug\rc.write.1.tlog
C:\USERS\熊豪\DESKTOP\7 游戏主程序\SOURCECODE\VCPROJECT2010\VCPROJECT2010\DEBUG\SCENE.OBJ
C:\USERS\熊豪\DESKTOP\7 游戏主程序\SOURCECODE\VCPROJECT2010\VCPROJECT2010\DEBUG\STUDYROOM.OBJ
C:\USERS\熊豪\DESKTOP\7 游戏主程序\SOURCECODE\VCPROJECT2010\VCPROJECT2010\DEBUG\TRIGGER.OBJ
C:\Users\熊豪\Desktop\7 游戏主程序\SourceCode\VCProject2010\VCProject2010\Debug\vc100.idb
C:\USERS\熊豪\DESKTOP\7 游戏主程序\SOURCECODE\VCPROJECT2010\VCPROJECT2010\DEBUG\VC100.PDB
C:\Users\熊豪\Desktop\7 游戏主程序\SourceCode\VCProject2010\VCProject2010\Debug\VCProject2010.write.1.tlog
C:\USERS\熊豪\DESKTOP\7 游戏主程序\SOURCECODE\VCPROJECT2010\VCPROJECT2010\DEBUG\VCTEMPLATE.RES
