//-------------------------- 9/10/2018 -- 15:36:11 -----
Processor Init:
   Intel (unknown, Pentium Pro/II/III family), ~2.87 Ghz
     (timed at roughly 2.87 Ghz)
   FPU detected
   MMX detected
   SSE detected
 
Math Init:
   Installing Standard C extensions
   Installing Assembly extensions
   Installing FPU extensions
   Installing MMX extensions
   Installing SSE extensions
 
Input Init:
   DirectInput enabled.

Initializing chunk mappings...
   o 'TEXT' maps to TextChunk
   o 'SCHK' maps to UnknownChunk
   o 'SCHK' maps to SimChunk
Loading compiled script D:/More/个人文件/成果/双子神探-Funcode/7 游戏主程序/Bin/common/main.cs.
Loading compiled script D:/More/个人文件/成果/双子神探-Funcode/7 游戏主程序/Bin/game/main.cs.
 % - Initializing Common
Loading compiled script D:/More/个人文件/成果/双子神探-Funcode/7 游戏主程序/Bin/common/preferences/defaultPrefs.cs.
Reading Display Device information...
   Primary Display Device Found:
      Vendor Id: VEN_0000
      Device Id: DEV_0000

Using OpenGL rendering. Fullscreen: 0

Loading compiled script D:/More/个人文件/成果/双子神探-Funcode/7 游戏主程序/Bin/common/gameScripts/xml.cs.
Loading compiled script D:/More/个人文件/成果/双子神探-Funcode/7 游戏主程序/Bin/common/gameScripts/properties.cs.
Loading compiled script D:/More/个人文件/成果/双子神探-Funcode/7 游戏主程序/Bin/common/gameScripts/common.cs.
Loading compiled script D:/More/个人文件/成果/双子神探-Funcode/7 游戏主程序/Bin/common/gameScripts/audio.cs.
Loading compiled script D:/More/个人文件/成果/双子神探-Funcode/7 游戏主程序/Bin/common/gameScripts/canvas.cs.
Loading compiled script D:/More/个人文件/成果/双子神探-Funcode/7 游戏主程序/Bin/common/gameScripts/cursor.cs.
Video Init:
   Accelerated OpenGL display device detected.
   Accelerated D3D device not detected.
   Voodoo 2 display device not detected.

Activating the OpenGL display device...
Activating the OpenGL display device...
Setting screen mode to 320x320x32 (w)...
Creating a new window...
Acquiring a new device context...
Pixel format set:
  32 color bits, 24 depth bits, 8 stencil bits
Creating a new rendering context...
Making the new rendering context current...
OpenGL driver information:
  Vendor: NVIDIA Corporation
  Renderer: GeForce 940MX/PCIe/SSE2
  Version: 4.5.0 NVIDIA 382.53
OpenGL Init: Enabled Extensions
  ARB_multitexture (Max Texture Units: 4)
  EXT_blend_color
  EXT_blend_minmax
  EXT_compiled_vertex_array
  NV_vertex_array_range
  EXT_texture_env_combine
  EXT_packed_pixels
  EXT_fog_coord
  ARB_texture_compression
  EXT_texture_compression_s3tc
  (ARB|EXT)_texture_env_add
  EXT_texture_filter_anisotropic (Max anisotropy: 16)
  WGL_EXT_swap_control
OpenGL Init: Disabled Extensions
  EXT_paletted_texture
  3DFX_texture_compression_FXT1

Max Texture Size reported as: 16384
Setting screen mode to 1360x768x32 (w)...
OpenAL Driver Init:
   Vendor: Creative Labs Inc.
   Version: OpenAL 1.0
   Renderer: Software
   Extensions: EAX 2.0, EAX 3.0, EAX Unified, and EAX-AC3

Loading compiled script D:/More/个人文件/成果/双子神探-Funcode/7 游戏主程序/Bin/common/gui/profiles.cs.
Loading compiled script D:/More/个人文件/成果/双子神探-Funcode/7 游戏主程序/Bin/common/gui/cursors.cs.
Loading compiled script D:/More/个人文件/成果/双子神探-Funcode/7 游戏主程序/Bin/common/gui/messageBoxOk.gui.
Loading compiled script D:/More/个人文件/成果/双子神探-Funcode/7 游戏主程序/Bin/common/gui/messageBoxYesNo.gui.
Loading compiled script D:/More/个人文件/成果/双子神探-Funcode/7 游戏主程序/Bin/common/gui/messageBoxYesNoCancel.gui.
Loading compiled script D:/More/个人文件/成果/双子神探-Funcode/7 游戏主程序/Bin/common/gui/messageBoxOKCancel.gui.
Loading compiled script D:/More/个人文件/成果/双子神探-Funcode/7 游戏主程序/Bin/common/gui/messageBoxOKCancelDetailsDlg.gui.
Loading compiled script D:/More/个人文件/成果/双子神探-Funcode/7 游戏主程序/Bin/common/gui/messagePopup.gui.
Loading compiled script D:/More/个人文件/成果/双子神探-Funcode/7 游戏主程序/Bin/common/gui/options.gui.
Loading compiled script D:/More/个人文件/成果/双子神探-Funcode/7 游戏主程序/Bin/common/gui/remap.gui.
Loading compiled script D:/More/个人文件/成果/双子神探-Funcode/7 游戏主程序/Bin/common/gui/console.gui.
Loading compiled script D:/More/个人文件/成果/双子神探-Funcode/7 游戏主程序/Bin/common/gui/NetworkMenu.gui.
Loading compiled script D:/More/个人文件/成果/双子神探-Funcode/7 游戏主程序/Bin/common/gui/startServer.gui.
Loading compiled script D:/More/个人文件/成果/双子神探-Funcode/7 游戏主程序/Bin/common/gui/joinServer.gui.
Loading compiled script D:/More/个人文件/成果/双子神探-Funcode/7 游戏主程序/Bin/common/gui/waitingForServer.gui.
Loading compiled script D:/More/个人文件/成果/双子神探-Funcode/7 游戏主程序/Bin/common/gui/helpDlg.gui.
Loading compiled script D:/More/个人文件/成果/双子神探-Funcode/7 游戏主程序/Bin/common/gui/messageBox.cs.
Loading compiled script D:/More/个人文件/成果/双子神探-Funcode/7 游戏主程序/Bin/common/gui/help.cs.
Loading compiled script D:/More/个人文件/成果/双子神探-Funcode/7 游戏主程序/Bin/common/gui/chatGui.gui.
Loading compiled script D:/More/个人文件/成果/双子神探-Funcode/7 游戏主程序/Bin/common/gameScripts/screenshot.cs.
Loading compiled script D:/More/个人文件/成果/双子神探-Funcode/7 游戏主程序/Bin/common/gameScripts/metrics.cs.
Loading compiled script D:/More/个人文件/成果/双子神探-Funcode/7 游戏主程序/Bin/common/Gui/FrameOverlayGui.gui.
Loading compiled script D:/More/个人文件/成果/双子神探-Funcode/7 游戏主程序/Bin/common/gameScripts/scriptDoc.cs.
Loading compiled script D:/More/个人文件/成果/双子神探-Funcode/7 游戏主程序/Bin/common/gameScripts/keybindings.cs.
Loading compiled script D:/More/个人文件/成果/双子神探-Funcode/7 游戏主程序/Bin/common/gameScripts/options.cs.
Loading compiled script D:/More/个人文件/成果/双子神探-Funcode/7 游戏主程序/Bin/common/gameScripts/levelManagement.cs.
Loading compiled script D:/More/个人文件/成果/双子神探-Funcode/7 游戏主程序/Bin/common/gameScripts/projectManagement.cs.
Loading compiled script D:/More/个人文件/成果/双子神探-Funcode/7 游戏主程序/Bin/common/gameScripts/projectResources.cs.
Loading compiled script D:/More/个人文件/成果/双子神探-Funcode/7 游戏主程序/Bin/common/gameScripts/align.cs.

FunCode (v1.7.5) initialized...
Loading compiled script D:/More/个人文件/成果/双子神探-Funcode/7 游戏主程序/Bin/game/managed/datablocks.cs.
Loading compiled script D:/More/个人文件/成果/双子神探-Funcode/7 游戏主程序/Bin/game/managed/persistent.cs.
Loading compiled script D:/More/个人文件/成果/双子神探-Funcode/7 游戏主程序/Bin/game/managed/brushes.cs.
Loading compiled script D:/More/个人文件/成果/双子神探-Funcode/7 游戏主程序/Bin/game/gameScripts/datablocks.cs.
Loading compiled script D:/More/个人文件/成果/双子神探-Funcode/7 游戏主程序/Bin/game/gameScripts/guiProfiles.cs.
Loading compiled script D:/More/个人文件/成果/双子神探-Funcode/7 游戏主程序/Bin/game/gui/mainScreen.gui.
Loading compiled script D:/More/个人文件/成果/双子神探-Funcode/7 游戏主程序/Bin/game/gameScripts/game.cs.
Activating DirectInput...
DirectInput joystick failed to enable!
Compiling D:/More/个人文件/成果/双子神探-Funcode/7 游戏主程序/Bin/game/data/levels/level4.t2d...
Loading compiled script D:/More/个人文件/成果/双子神探-Funcode/7 游戏主程序/Bin/game/data/levels/level4.t2d.
Compiling D:/More/个人文件/成果/双子神探-Funcode/7 游戏主程序/Bin/game/data/levels/level5.t2d...
Loading compiled script D:/More/个人文件/成果/双子神探-Funcode/7 游戏主程序/Bin/game/data/levels/level5.t2d.
Compiling D:/More/个人文件/成果/双子神探-Funcode/7 游戏主程序/Bin/game/data/levels/level1.t2d...
Loading compiled script D:/More/个人文件/成果/双子神探-Funcode/7 游戏主程序/Bin/game/data/levels/level1.t2d.
t2dSceneGraph::addToScene() - Object '1743' is already in a SceneGraph!.
t2dSceneGraph::addToScene() - Object '1744' is already in a SceneGraph!.
t2dSceneGraph::addToScene() - Object '1745' is already in a SceneGraph!.
t2dSceneGraph::addToScene() - Object '1746' is already in a SceneGraph!.
t2dSceneGraph::addToScene() - Object '1747' is already in a SceneGraph!.
t2dSceneGraph::addToScene() - Object '1748' is already in a SceneGraph!.
t2dSceneGraph::addToScene() - Object '1749' is already in a SceneGraph!.
t2dSceneGraph::addToScene() - Object '1750' is already in a SceneGraph!.
t2dSceneGraph::addToScene() - Object '1751' is already in a SceneGraph!.
t2dSceneGraph::addToScene() - Object '1752' is already in a SceneGraph!.
t2dSceneGraph::addToScene() - Object '1753' is already in a SceneGraph!.
t2dSceneGraph::addToScene() - Object '1754' is already in a SceneGraph!.
t2dSceneGraph::addToScene() - Object '1755' is already in a SceneGraph!.
t2dSceneGraph::addToScene() - Object '1756' is already in a SceneGraph!.
t2dSceneGraph::addToScene() - Object '1757' is already in a SceneGraph!.
t2dSceneGraph::addToScene() - Object '1758' is already in a SceneGraph!.
t2dSceneGraph::addToScene() - Object '1759' is already in a SceneGraph!.
t2dSceneGraph::addToScene() - Object '1760' is already in a SceneGraph!.
t2dSceneGraph::addToScene() - Object '1761' is already in a SceneGraph!.
t2dSceneGraph::addToScene() - Object '1762' is already in a SceneGraph!.
t2dSceneGraph::addToScene() - Object '1763' is already in a SceneGraph!.
t2dSceneGraph::addToScene() - Object '1764' is already in a SceneGraph!.
t2dSceneGraph::addToScene() - Object '1765' is already in a SceneGraph!.
t2dSceneGraph::addToScene() - Object '1766' is already in a SceneGraph!.
t2dSceneGraph::addToScene() - Object '1767' is already in a SceneGraph!.
t2dSceneGraph::addToScene() - Object '1768' is already in a SceneGraph!.
t2dSceneGraph::addToScene() - Object '1769' is already in a SceneGraph!.
t2dSceneGraph::addToScene() - Object '1770' is already in a SceneGraph!.
t2dSceneGraph::addToScene() - Object '1771' is already in a SceneGraph!.
t2dSceneGraph::addToScene() - Object '1772' is already in a SceneGraph!.
t2dSceneGraph::addToScene() - Object '1773' is already in a SceneGraph!.
t2dSceneGraph::addToScene() - Object '1774' is already in a SceneGraph!.
t2dSceneGraph::addToScene() - Object '1775' is already in a SceneGraph!.
t2dSceneGraph::addToScene() - Object '1776' is already in a SceneGraph!.
t2dSceneGraph::addToScene() - Object '1777' is already in a SceneGraph!.
Compiling D:/More/个人文件/成果/双子神探-Funcode/7 游戏主程序/Bin/game/data/levels/level5.t2d...
Loading compiled script D:/More/个人文件/成果/双子神探-Funcode/7 游戏主程序/Bin/game/data/levels/level5.t2d.
Compiling D:/More/个人文件/成果/双子神探-Funcode/7 游戏主程序/Bin/game/data/levels/level2.t2d...
Loading compiled script D:/More/个人文件/成果/双子神探-Funcode/7 游戏主程序/Bin/game/data/levels/level2.t2d.
Namespace::unlinkClass - cannot unlink namespace parent linkage for Block_V1 for t2dScroller.
Error: cannot change namespace parent linkage of Block_V1 from t2dScroller to t2dStaticSprite.
t2dSceneGraph::addToScene() - Object '2030' is already in a SceneGraph!.
t2dSceneGraph::addToScene() - Object '2031' is already in a SceneGraph!.
t2dSceneGraph::addToScene() - Object '2032' is already in a SceneGraph!.
t2dSceneGraph::addToScene() - Object '2033' is already in a SceneGraph!.
t2dSceneGraph::addToScene() - Object '2034' is already in a SceneGraph!.
t2dSceneGraph::addToScene() - Object '2035' is already in a SceneGraph!.
t2dSceneGraph::addToScene() - Object '2036' is already in a SceneGraph!.
t2dSceneGraph::addToScene() - Object '2037' is already in a SceneGraph!.
t2dSceneGraph::addToScene() - Object '2038' is already in a SceneGraph!.
t2dSceneGraph::addToScene() - Object '2039' is already in a SceneGraph!.
t2dSceneGraph::addToScene() - Object '2040' is already in a SceneGraph!.
t2dSceneGraph::addToScene() - Object '2041' is already in a SceneGraph!.
t2dSceneGraph::addToScene() - Object '2042' is already in a SceneGraph!.
t2dSceneGraph::addToScene() - Object '2043' is already in a SceneGraph!.
t2dSceneGraph::addToScene() - Object '2044' is already in a SceneGraph!.
t2dSceneGraph::addToScene() - Object '2045' is already in a SceneGraph!.
t2dSceneGraph::addToScene() - Object '2046' is already in a SceneGraph!.
t2dSceneGraph::addToScene() - Object '2047' is already in a SceneGraph!.
t2dSceneGraph::addToScene() - Object '2048' is already in a SceneGraph!.
t2dSceneGraph::addToScene() - Object '2049' is already in a SceneGraph!.
t2dSceneGraph::addToScene() - Object '2050' is already in a SceneGraph!.
t2dSceneGraph::addToScene() - Object '2051' is already in a SceneGraph!.
t2dSceneGraph::addToScene() - Object '2052' is already in a SceneGraph!.
t2dSceneGraph::addToScene() - Object '2053' is already in a SceneGraph!.
t2dSceneGraph::addToScene() - Object '2054' is already in a SceneGraph!.
t2dSceneGraph::addToScene() - Object '2055' is already in a SceneGraph!.
t2dSceneGraph::addToScene() - Object '2056' is already in a SceneGraph!.
t2dSceneGraph::addToScene() - Object '2057' is already in a SceneGraph!.
t2dSceneGraph::addToScene() - Object '2058' is already in a SceneGraph!.
t2dSceneGraph::addToScene() - Object '2059' is already in a SceneGraph!.
t2dSceneGraph::addToScene() - Object '2060' is already in a SceneGraph!.
t2dSceneGraph::addToScene() - Object '2061' is already in a SceneGraph!.
t2dSceneGraph::addToScene() - Object '2062' is already in a SceneGraph!.
t2dSceneGraph::addToScene() - Object '2063' is already in a SceneGraph!.
t2dSceneGraph::addToScene() - Object '2064' is already in a SceneGraph!.
t2dSceneGraph::addToScene() - Object '2065' is already in a SceneGraph!.
t2dSceneGraph::addToScene() - Object '2066' is already in a SceneGraph!.
t2dSceneGraph::addToScene() - Object '2067' is already in a SceneGraph!.
t2dSceneGraph::addToScene() - Object '2068' is already in a SceneGraph!.
t2dSceneGraph::addToScene() - Object '2069' is already in a SceneGraph!.
Namespace::unlinkClass - cannot unlink namespace parent linkage for Block_V1 for t2dScroller.
Error: cannot change namespace parent linkage of Block_V1 from t2dScroller to t2dStaticSprite.
t2dSceneGraph::addToScene() - Object '2070' is already in a SceneGraph!.
t2dSceneGraph::addToScene() - Object '2071' is already in a SceneGraph!.
t2dSceneGraph::addToScene() - Object '2072' is already in a SceneGraph!.
t2dSceneGraph::addToScene() - Object '2073' is already in a SceneGraph!.
t2dSceneGraph::addToScene() - Object '2074' is already in a SceneGraph!.
t2dSceneGraph::addToScene() - Object '2075' is already in a SceneGraph!.
t2dSceneGraph::addToScene() - Object '2076' is already in a SceneGraph!.
t2dSceneGraph::addToScene() - Object '2077' is already in a SceneGraph!.
t2dSceneGraph::addToScene() - Object '2078' is already in a SceneGraph!.
t2dSceneGraph::addToScene() - Object '2079' is already in a SceneGraph!.
t2dSceneGraph::addToScene() - Object '2080' is already in a SceneGraph!.
t2dSceneGraph::addToScene() - Object '2081' is already in a SceneGraph!.
t2dSceneGraph::addToScene() - Object '2082' is already in a SceneGraph!.
t2dSceneGraph::addToScene() - Object '2083' is already in a SceneGraph!.
t2dSceneGraph::addToScene() - Object '2084' is already in a SceneGraph!.
t2dSceneGraph::addToScene() - Object '2085' is already in a SceneGraph!.
t2dSceneGraph::addToScene() - Object '2086' is already in a SceneGraph!.
t2dSceneGraph::addToScene() - Object '2087' is already in a SceneGraph!.
t2dSceneGraph::addToScene() - Object '2088' is already in a SceneGraph!.
t2dSceneGraph::addToScene() - Object '2089' is already in a SceneGraph!.
t2dSceneGraph::addToScene() - Object '2090' is already in a SceneGraph!.
t2dSceneGraph::addToScene() - Object '2091' is already in a SceneGraph!.
t2dSceneGraph::addToScene() - Object '2092' is already in a SceneGraph!.
t2dSceneGraph::addToScene() - Object '2093' is already in a SceneGraph!.
t2dSceneGraph::addToScene() - Object '2094' is already in a SceneGraph!.
t2dSceneGraph::addToScene() - Object '2095' is already in a SceneGraph!.
t2dSceneGraph::addToScene() - Object '2096' is already in a SceneGraph!.
t2dSceneGraph::addToScene() - Object '2097' is already in a SceneGraph!.
t2dSceneGraph::addToScene() - Object '2098' is already in a SceneGraph!.
t2dSceneGraph::addToScene() - Object '2099' is already in a SceneGraph!.
t2dSceneGraph::addToScene() - Object '2100' is already in a SceneGraph!.
t2dSceneGraph::addToScene() - Object '2101' is already in a SceneGraph!.
t2dSceneGraph::addToScene() - Object '2102' is already in a SceneGraph!.
t2dSceneGraph::addToScene() - Object '2103' is already in a SceneGraph!.
t2dSceneGraph::addToScene() - Object '2104' is already in a SceneGraph!.
t2dSceneGraph::addToScene() - Object '2105' is already in a SceneGraph!.
t2dSceneGraph::addToScene() - Object '2106' is already in a SceneGraph!.
t2dSceneGraph::addToScene() - Object '2107' is already in a SceneGraph!.
t2dSceneGraph::addToScene() - Object '2108' is already in a SceneGraph!.
t2dSceneGraph::addToScene() - Object '2109' is already in a SceneGraph!.
t2dSceneGraph::addToScene() - Object '2110' is already in a SceneGraph!.
t2dSceneGraph::addToScene() - Object '2111' is already in a SceneGraph!.
t2dSceneGraph::addToScene() - Object '2112' is already in a SceneGraph!.
t2dSceneGraph::addToScene() - Object '2113' is already in a SceneGraph!.
t2dSceneGraph::addToScene() - Object '2114' is already in a SceneGraph!.
t2dSceneGraph::addToScene() - Object '2115' is already in a SceneGraph!.
t2dSceneGraph::addToScene() - Object '2116' is already in a SceneGraph!.
t2dSceneGraph::addToScene() - Object '2117' is already in a SceneGraph!.
DirectInput deactivated.
Namespace::unlinkClass - cannot unlink namespace parent linkage for Block_V1 for t2dScroller.
Namespace::unlinkClass - cannot unlink namespace parent linkage for Block_V1 for t2dScroller.
Shutting down the OpenGL display device...
Making the GL rendering context not current...
Deleting the GL rendering context...
Releasing the device context...
